<?xml version="1.0" encoding="UTF-8"?>
<!-- Generated by org.testng.reporters.JUnitReportReporter -->
<testsuite hostname="Ajay" failures="0" tests="2" name="Com.Testcases.LoginPageTest" time="40.568" errors="0" timestamp="2024-04-03T14:53:01 IST" skipped="0">
  <testcase classname="Com.Testcases.LoginPageTest" name="LoginpageTestcase" time="27.349"/>
  <testcase classname="Com.Testcases.LoginPageTest" name="TitleValidation" time="13.219"/>
</testsuite> <!-- Com.Testcases.LoginPageTest -->
