<?xml version="1.0" encoding="UTF-8"?>
<!-- Generated by org.testng.reporters.JUnitReportReporter -->
<testsuite hostname="Ajay" failures="0" tests="1" name="Com.Testcases.HomePageTest" time="18.603" errors="0" timestamp="2024-04-03T14:35:30 IST" skipped="0">
  <testcase classname="Com.Testcases.HomePageTest" name="ExcelValidation" time="18.603"/>
</testsuite> <!-- Com.Testcases.HomePageTest -->
